\BOOKMARK [1][-]{section.1}{\376\377\122\115\212\000}{}% 1
\BOOKMARK [1][-]{section.2}{\376\377\140\073\211\310}{}% 2
\BOOKMARK [2][-]{subsection.2.1}{\376\377\137\000\156\220\123\117\213\256}{section.2}% 3
\BOOKMARK [3][-]{subsubsection.2.1.1}{\376\377\000G\000N\000U}{subsection.2.1}% 4
\BOOKMARK [0][-]{part.1}{\376\377\000I\000\040\127\372\170\100\217\157\116\366}{}% 5
\BOOKMARK [1][-]{section.3}{\376\377\000S\000l\000a\000c\000k\000w\000a\000r\000e}{part.1}% 6
\BOOKMARK [2][-]{subsection.3.1}{\376\377\000U\000S\000B}{section.3}% 7
\BOOKMARK [2][-]{subsection.3.2}{\376\377\117\356\145\071\137\025\133\374\173\111\137\205\145\366\225\364}{section.3}% 8
\BOOKMARK [2][-]{subsection.3.3}{\376\377\117\356\145\071\000C\000M\000D\165\114\227\142\134\117\136\125\122\006\217\250\163\207}{section.3}% 9
\BOOKMARK [2][-]{subsection.3.4}{\376\377\143\002\217\175\000U\166\330}{section.3}% 10
\BOOKMARK [2][-]{subsection.3.5}{\376\377\177\121\176\334\221\115\177\156}{section.3}% 11
\BOOKMARK [3][-]{subsubsection.3.5.1}{\376\377\127\372\170\100\124\175\116\344}{subsection.3.5}% 12
\BOOKMARK [3][-]{subsubsection.3.5.2}{\376\377\221\115\177\156\153\145\232\244}{subsection.3.5}% 13
\BOOKMARK [3][-]{subsubsection.3.5.3}{\376\377\000r\000c\000.\000i\000n\000e\000t\0001}{subsection.3.5}% 14
\BOOKMARK [3][-]{subsubsection.3.5.4}{\376\377\000i\000f\000c\000o\000n\000f\000i\000g}{subsection.3.5}% 15
\BOOKMARK [1][-]{section.4}{\376\377\000U\000b\000u\000n\000t\000u}{part.1}% 16
\BOOKMARK [2][-]{subsection.4.1}{\376\377\000A\000S\000U\000S\000\040\000F\0008\0001\000s\000e\133\211\210\305\000U\000b\000u\000n\000t\000u\000\040\0001\0002\000.\0000\0004\000\040\000L\000T\000S}{section.4}% 17
\BOOKMARK [2][-]{subsection.4.2}{\376\377\213\276\177\156\000U\000b\000u\000n\000t\000u\137\205\147\072\145\366\147\072}{section.4}% 18
\BOOKMARK [2][-]{subsection.4.3}{\376\377\133\211\210\305\116\055\145\207\217\223\121\145\154\325}{section.4}% 19
\BOOKMARK [2][-]{subsection.4.4}{\376\377\000G\000i\000t}{section.4}% 20
\BOOKMARK [0][-]{part.2}{\376\377\000I\000I\000\040\135\345\121\167}{}% 21
\BOOKMARK [1][-]{section.5}{\376\377\116\013\217\175\135\345\121\167}{part.2}% 22
\BOOKMARK [2][-]{subsection.5.1}{\376\377\000a\000M\000u\000l\000e}{section.5}% 23
\BOOKMARK [3][-]{subsubsection.5.1.1}{\376\377\116\072\116\300\116\110\117\177\165\050\000a\000M\000u\000l\000e}{subsection.5.1}% 24
\BOOKMARK [3][-]{subsubsection.5.1.2}{\376\377\000e\000D\0002\000k\224\376\143\245}{subsection.5.1}% 25
\BOOKMARK [3][-]{subsubsection.5.1.3}{\376\377\116\072\117\125\000a\000M\000u\000l\000e\117\032\147\011\000H\000i\000g\000h\000I\000D\060\001\000L\000o\000w\000I\000D\116\113\122\006}{subsection.5.1}% 26
\BOOKMARK [3][-]{subsubsection.5.1.4}{\376\377\000a\000M\000u\000l\000e\166\204\221\115\177\156}{subsection.5.1}% 27
\BOOKMARK [2][-]{subsection.5.2}{\376\377\000D\000e\000l\000u\000g\000e}{section.5}% 28
\BOOKMARK [3][-]{subsubsection.5.2.1}{\376\377\173\200\116\313}{subsection.5.2}% 29
\BOOKMARK [2][-]{subsection.5.3}{\376\377\000O\000p\000e\000n\000\040\000D\000o\000w\000n\000l\000o\000a\000d\000\040\000M\000a\000n\000a\000g\000e\000r}{section.5}% 30
\BOOKMARK [1][-]{section.6}{\376\377\000S\000h\000u\000t\000t\000e\000r}{part.2}% 31
\BOOKMARK [2][-]{subsection.6.1}{\376\377\173\200\116\313}{section.6}% 32
\BOOKMARK [1][-]{section.7}{\376\377\000K\000S\000n\000a\000p\000s\000h\000o\000t}{part.2}% 33
\BOOKMARK [2][-]{subsection.7.1}{\376\377\173\200\116\313}{section.7}% 34
\BOOKMARK [1][-]{section.8}{\376\377\000L\000I\000C\000E\000c\000a\000p}{part.2}% 35
\BOOKMARK [2][-]{subsection.8.1}{\376\377\173\200\116\313}{section.8}% 36
\BOOKMARK [1][-]{section.9}{\376\377\000A\000d\000b\000l\000o\000c\000k\000\040\000P\000l\000u\000s}{part.2}% 37
\BOOKMARK [2][-]{subsection.9.1}{\376\377\173\200\116\313}{section.9}% 38
\BOOKMARK [2][-]{subsection.9.2}{\376\377\117\030\160\271}{section.9}% 39
\BOOKMARK [1][-]{section.10}{\376\377\000M\000o\000z\000i\000l\000l\000a\000\040\000T\000h\000u\000n\000d\000e\000r\000b\000i\000r\000d}{part.2}% 40
\BOOKMARK [2][-]{subsection.10.1}{\376\377\173\200\116\313}{section.10}% 41
\BOOKMARK [1][-]{section.11}{\376\377\121\166\116\326\135\345\121\167}{part.2}% 42
\BOOKMARK [2][-]{subsection.11.1}{\376\377\000W\000i\000n\000D\000i\000r\000S\000t\000a\000t}{section.11}% 43
\BOOKMARK [3][-]{subsubsection.11.1.1}{\376\377\173\200\116\313}{subsection.11.1}% 44
\BOOKMARK [2][-]{subsection.11.2}{\376\377\000K\000D\000i\000r\000S\000t\000a\000t}{section.11}% 45
\BOOKMARK [0][-]{part.3}{\376\377\000I\000I\000I\000\040\132\061\116\120}{}% 46
\BOOKMARK [1][-]{section.12}{\376\377\000V\000L\000C\000\040\000M\000e\000d\000i\000a\000\040\000P\000l\000a\000y\000e\000r}{part.3}% 47
\BOOKMARK [2][-]{subsection.12.1}{\376\377\173\200\116\313}{section.12}% 48
\BOOKMARK [1][-]{section.13}{\376\377\000Q\000m\000m\000p}{part.3}% 49
\BOOKMARK [2][-]{subsection.13.1}{\376\377\173\200\116\313}{section.13}% 50
\BOOKMARK [1][-]{section.14}{\376\377\134\004\142\113\137\161\227\363}{part.3}% 51
\BOOKMARK [2][-]{subsection.14.1}{\376\377\173\200\116\313}{section.14}% 52
\BOOKMARK [1][-]{section.15}{\376\377\000S\000u\000p\000e\000r\000T\000u\000x\000K\000a\000r\000t}{part.3}% 53
\BOOKMARK [2][-]{subsection.15.1}{\376\377\173\200\116\313}{section.15}% 54
\BOOKMARK [2][-]{subsection.15.2}{\376\377\220\123\121\167\213\364\146\016}{section.15}% 55
\BOOKMARK [0][-]{part.4}{\376\377\000I\000V\000\040\122\236\121\154}{}% 56
\BOOKMARK [1][-]{section.16}{\376\377\000G\000o\000l\000d\000e\000n\000D\000i\000c\000t}{part.4}% 57
\BOOKMARK [2][-]{subsection.16.1}{\376\377\173\200\116\313}{section.16}% 58
\BOOKMARK [2][-]{subsection.16.2}{\376\377\213\315\121\170\122\027\210\150}{section.16}% 59
\BOOKMARK [0][-]{part.5}{\376\377\000V\000\040\172\013\136\217\137\000\123\321}{}% 60
\BOOKMARK [1][-]{section.17}{\376\377\000D\000B\000e\000a\000v\000e\000r}{part.5}% 61
\BOOKMARK [2][-]{subsection.17.1}{\376\377\173\200\116\313}{section.17}% 62
\BOOKMARK [2][-]{subsection.17.2}{\376\377\221\115\177\156}{section.17}% 63
\BOOKMARK [1][-]{section.18}{\376\377\000G\000i\000t}{part.5}% 64
\BOOKMARK [0][-]{part.6}{\376\377\000V\000I\000\040\217\157\116\366\117\177\165\050}{}% 65
\BOOKMARK [1][-]{section.19}{\376\377\000G\000m\000a\000i\000l}{part.6}% 66
\BOOKMARK [0][-]{part.7}{\376\377\000V\000I\000I\000\040\226\104\137\125}{}% 67
\BOOKMARK [1][-]{section.20}{\376\377\213\315\154\107}{part.7}% 68
